[debug] [2022-08-05T18:38:18.857Z] ----------------------------------------------------------------------
[debug] [2022-08-05T18:38:18.859Z] Command:       C:\Program Files\nodejs\node.exe C:\Users\RAZA\AppData\Roaming\npm\node_modules\firebase-tools\lib\bin\firebase.js init hosting
[debug] [2022-08-05T18:38:18.859Z] CLI Version:   11.4.2
[debug] [2022-08-05T18:38:18.859Z] Platform:      win32
[debug] [2022-08-05T18:38:18.859Z] Node Version:  v16.16.0
[debug] [2022-08-05T18:38:18.860Z] Time:          Sat Aug 06 2022 00:08:18 GMT+0530 (India Standard Time)
[debug] [2022-08-05T18:38:18.861Z] ----------------------------------------------------------------------
[debug] 
[debug] [2022-08-05T18:38:18.867Z] > command requires scopes: ["email","openid","https://www.googleapis.com/auth/cloudplatformprojects.readonly","https://www.googleapis.com/auth/firebase","https://www.googleapis.com/auth/cloud-platform"]
[debug] [2022-08-05T18:38:18.868Z] > authorizing via signed-in user (deshpanderaza305@gmail.com)
[info] 
     ######## #### ########  ######## ########     ###     ######  ########
     ##        ##  ##     ## ##       ##     ##  ##   ##  ##       ##
     ######    ##  ########  ######   ########  #########  ######  ######
     ##        ##  ##    ##  ##       ##     ## ##     ##       ## ##
     ##       #### ##     ## ######## ########  ##     ##  ######  ########

You're about to initialize a Firebase project in this directory:

  E:\portfolio

[info] 
=== Project Setup
[info] 
[info] First, let's associate this project directory with a Firebase project.
[info] You can create multiple project aliases by running firebase use --add, 
[info] but for now we'll just set up a default project.
[info] 
[debug] [2022-08-05T18:38:24.665Z] >>> [apiv2][query] GET https://firebase.googleapis.com/v1beta1/projects pageSize=100
[debug] [2022-08-05T18:38:25.951Z] <<< [apiv2][status] GET https://firebase.googleapis.com/v1beta1/projects 200
[debug] [2022-08-05T18:38:25.951Z] <<< [apiv2][body] GET https://firebase.googleapis.com/v1beta1/projects [omitted]
[info] i  Using project mohd-raza-firoj-deshpande (Mohd Raza Firoj Deshpande) 
[info] 
=== Hosting Setup
[info] 
[info] Your public directory is the folder (relative to your project directory) that
[info] will contain Hosting assets to be uploaded with firebase deploy. If you
[info] have a build process for your assets, use your build's output directory.
[info] 
